<?xml version="1.0" encoding="UTF-8"?>
<!-- Generated by org.testng.reporters.JUnitReportReporter -->
<testsuite hostname="HDD11008" name="com.testproject.A" tests="3" failures="0" timestamp="1 Sep 2016 13:36:37 GMT" time="0.006" errors="0">
  <testcase name="m1" time="0.005" classname="com.testproject.A"/>
  <testcase name="m2" time="0.001" classname="com.testproject.A"/>
  <testcase name="m3" time="0.000" classname="com.testproject.A"/>
</testsuite> <!-- com.testproject.A -->
